TN:
SF:C:\anchal\programming\hackathon\FutureOff\contracts\interfaces\IYieldOptimizer.sol
FNF:0
FNH:0
LF:0
LH:0
BRF:0
BRH:0
end_of_record
TN:
SF:C:\anchal\programming\hackathon\FutureOff\contracts\mocks\ERC20Mock.sol
FN:12,constructor
FN:16,mint
FNF:2
FNH:1
FNDA:36,constructor
FNDA:0,mint
DA:13,36
DA:17,0
LF:2
LH:1
BRF:0
BRH:0
end_of_record
TN:
SF:C:\anchal\programming\hackathon\FutureOff\contracts\StrategyManager.sol
FN:57,onlyYieldOptimizer
FN:62,validProtocol
FN:67,constructor
FN:77,executeStrategy
FN:115,_executeProtocolInteraction
FN:139,withdrawFromProtocol
FN:168,addProtocolAdapter
FN:186,setProtocolStatus
FN:193,updateProtocolAPY
FN:203,emergencyWithdraw
FN:233,getProtocolInfo
FN:253,getSupportedProtocols
FN:260,setExecutionFee
FN:268,calculateExecutionCost
FNF:14
FNH:6
FNDA:0,onlyYieldOptimizer
FNDA:0,validProtocol
FNDA:26,constructor
FNDA:0,executeStrategy
FNDA:0,_executeProtocolInteraction
FNDA:0,withdrawFromProtocol
FNDA:5,addProtocolAdapter
FNDA:0,setProtocolStatus
FNDA:0,updateProtocolAPY
FNDA:0,emergencyWithdraw
FNDA:2,getProtocolInfo
FNDA:2,getSupportedProtocols
FNDA:4,setExecutionFee
FNDA:2,calculateExecutionCost
DA:58,0
DA:59,0
DA:63,0
DA:64,0
DA:68,26
DA:69,26
DA:80,0
DA:81,0
DA:83,0
DA:90,0
DA:93,0
DA:96,0
DA:97,0
DA:98,0
DA:100,0
DA:101,0
DA:103,0
DA:106,0
DA:107,0
DA:108,0
DA:118,0
DA:120,0
DA:123,0
DA:126,0
DA:127,0
DA:129,0
DA:142,0
DA:145,0
DA:151,0
DA:152,0
DA:154,0
DA:155,0
DA:158,0
DA:169,5
DA:171,5
DA:179,5
DA:180,5
DA:187,0
DA:194,0
DA:204,0
DA:207,0
DA:208,0
DA:209,0
DA:211,0
DA:213,0
DA:215,0
DA:220,0
DA:221,0
DA:224,0
DA:226,0
DA:240,2
DA:241,2
DA:254,2
DA:261,4
DA:262,4
DA:269,2
LF:56
LH:12
BRDA:58,1,0,0
BRDA:58,1,1,0
BRDA:63,2,0,0
BRDA:63,2,1,0
BRDA:77,3,0,0
BRDA:77,3,1,0
BRDA:77,4,0,0
BRDA:77,4,1,0
BRDA:77,5,0,0
BRDA:77,5,1,0
BRDA:80,6,0,0
BRDA:80,6,1,0
BRDA:81,7,0,0
BRDA:81,7,1,0
BRDA:90,8,0,0
BRDA:90,8,1,0
BRDA:98,9,0,0
BRDA:98,9,1,0
BRDA:118,10,0,0
BRDA:118,10,1,0
BRDA:127,11,0,0
BRDA:127,11,1,0
BRDA:139,12,0,0
BRDA:139,12,1,0
BRDA:139,13,0,0
BRDA:139,13,1,0
BRDA:139,14,0,0
BRDA:139,14,1,0
BRDA:152,15,0,0
BRDA:152,15,1,0
BRDA:168,16,0,5
BRDA:168,16,1,1
BRDA:169,17,0,5
BRDA:169,17,1,0
BRDA:186,18,0,0
BRDA:186,18,1,0
BRDA:193,19,0,0
BRDA:193,19,1,0
BRDA:203,20,0,0
BRDA:203,20,1,0
BRDA:203,21,0,0
BRDA:203,21,1,0
BRDA:209,22,0,0
BRDA:209,22,1,0
BRDA:213,23,0,0
BRDA:213,23,1,0
BRDA:221,24,0,0
BRDA:221,24,1,0
BRDA:260,25,0,4
BRDA:260,25,1,0
BRDA:261,26,0,4
BRDA:261,26,1,0
BRF:52
BRH:5
end_of_record
TN:
SF:C:\anchal\programming\hackathon\FutureOff\contracts\YieldOptimizer.sol
FN:78,onlyAuthorizedAI
FN:83,validStrategy
FN:93,initialize
FN:109,createStrategy
FN:137,executeStrategy
FN:161,rebalanceStrategy
FN:185,emergencyExit
FN:199,deposit
FN:218,withdraw
FN:240,whitelistProtocol
FN:256,authorizeAI
FN:264,addSupportedToken
FN:273,removeSupportedToken
FN:290,updateStrategyYield
FN:297,getProtocolAllocation
FN:310,isTokenSupported
FN:322,getUserPosition
FN:340,getStrategy
FN:347,pause
FN:354,unpause
FNF:20
FNH:16
FNDA:12,onlyAuthorizedAI
FNDA:3,validStrategy
FNDA:26,initialize
FNDA:7,createStrategy
FNDA:1,executeStrategy
FNDA:0,rebalanceStrategy
FNDA:2,emergencyExit
FNDA:4,deposit
FNDA:2,withdraw
FNDA:9,whitelistProtocol
FNDA:25,authorizeAI
FNDA:26,addSupportedToken
FNDA:0,removeSupportedToken
FNDA:0,updateStrategyYield
FNDA:1,getProtocolAllocation
FNDA:32,isTokenSupported
FNDA:1,getUserPosition
FNDA:0,getStrategy
FNDA:2,pause
FNDA:2,unpause
DA:79,12
DA:80,10
DA:84,3
DA:85,3
DA:94,26
DA:95,26
DA:96,26
DA:98,26
DA:99,26
DA:110,7
DA:111,7
DA:113,7
DA:115,7
DA:125,7
DA:126,7
DA:128,7
DA:138,1
DA:139,1
DA:142,1
DA:143,1
DA:149,1
DA:150,1
DA:152,1
DA:162,0
DA:164,0
DA:168,0
DA:173,0
DA:174,0
DA:176,0
DA:186,2
DA:187,2
DA:189,2
DA:190,2
DA:191,2
DA:193,2
DA:200,4
DA:201,4
DA:203,4
DA:205,4
DA:206,4
DA:207,4
DA:210,4
DA:212,4
DA:219,2
DA:220,2
DA:222,1
DA:223,1
DA:226,1
DA:228,1
DA:230,1
DA:241,9
DA:250,9
DA:257,25
DA:258,25
DA:265,26
DA:266,26
DA:267,26
DA:274,0
DA:275,0
DA:276,0
DA:277,0
DA:278,0
DA:279,0
DA:291,0
DA:298,1
DA:299,1
DA:300,1
DA:301,1
DA:304,1
DA:311,32
DA:312,20
DA:313,5
DA:316,27
DA:328,1
DA:329,1
DA:341,0
DA:348,2
DA:355,2
LF:78
LH:64
BRDA:79,1,0,10
BRDA:79,1,1,2
BRDA:79,2,0,5
BRDA:79,2,1,5
BRDA:84,3,0,3
BRDA:84,3,1,0
BRDA:93,4,0,26
BRDA:93,4,1,0
BRDA:109,5,0,7
BRDA:109,5,1,1
BRDA:110,6,0,7
BRDA:110,6,1,0
BRDA:111,7,0,7
BRDA:111,7,1,0
BRDA:137,8,0,1
BRDA:137,8,1,1
BRDA:137,9,0,1
BRDA:137,9,1,0
BRDA:137,10,0,1
BRDA:137,10,1,0
BRDA:139,11,0,1
BRDA:139,11,1,0
BRDA:143,12,0,1
BRDA:143,12,1,0
BRDA:161,13,0,0
BRDA:161,13,1,0
BRDA:161,14,0,0
BRDA:161,14,1,0
BRDA:165,15,0,0
BRDA:165,15,1,0
BRDA:168,16,0,0
BRDA:168,16,1,0
BRDA:185,17,0,2
BRDA:185,17,1,0
BRDA:185,18,0,2
BRDA:185,18,1,0
BRDA:199,19,0,4
BRDA:199,19,1,0
BRDA:199,20,0,4
BRDA:199,20,1,0
BRDA:200,21,0,4
BRDA:200,21,1,0
BRDA:201,22,0,4
BRDA:201,22,1,0
BRDA:218,23,0,2
BRDA:218,23,1,0
BRDA:220,24,0,1
BRDA:220,24,1,1
BRDA:240,25,0,9
BRDA:240,25,1,0
BRDA:256,26,0,25
BRDA:256,26,1,0
BRDA:264,27,0,26
BRDA:264,27,1,0
BRDA:265,28,0,26
BRDA:265,28,1,0
BRDA:266,29,0,26
BRDA:266,29,1,0
BRDA:273,30,0,0
BRDA:273,30,1,0
BRDA:274,31,0,0
BRDA:274,31,1,0
BRDA:276,32,0,0
BRDA:276,32,1,0
BRDA:290,33,0,0
BRDA:290,33,1,0
BRDA:290,34,0,0
BRDA:290,34,1,0
BRDA:300,35,0,1
BRDA:300,35,1,0
BRDA:312,36,0,5
BRDA:312,36,1,15
BRDA:347,37,0,2
BRDA:347,37,1,0
BRDA:354,38,0,2
BRDA:354,38,1,0
BRF:76
BRH:35
end_of_record
