{
"contracts\\interfaces\\IYieldOptimizer.sol":{"l":{},"path":"C:\\anchal\\programming\\hackathon\\FutureOff\\contracts\\interfaces\\IYieldOptimizer.sol","s":{},"b":{},"f":{},"fnMap":{},"statementMap":{},"branchMap":{}},
"contracts\\mocks\\ERC20Mock.sol":{"l":{"13":36,"17":0},"path":"C:\\anchal\\programming\\hackathon\\FutureOff\\contracts\\mocks\\ERC20Mock.sol","s":{"1":36,"2":0},"b":{},"f":{"1":36,"2":0},"fnMap":{"1":{"name":"constructor","line":12,"loc":{"start":{"line":7,"column":4},"end":{"line":14,"column":4}}},"2":{"name":"mint","line":16,"loc":{"start":{"line":16,"column":4},"end":{"line":18,"column":4}}}},"statementMap":{"1":{"start":{"line":13,"column":8},"end":{"line":13,"column":44}},"2":{"start":{"line":17,"column":8},"end":{"line":17,"column":24}}},"branchMap":{}},
"contracts\\StrategyManager.sol":{"l":{"58":0,"59":0,"63":0,"64":0,"68":26,"69":26,"80":0,"81":0,"83":0,"90":0,"93":0,"96":0,"97":0,"98":0,"100":0,"101":0,"103":0,"106":0,"107":0,"108":0,"118":0,"120":0,"123":0,"126":0,"127":0,"129":0,"142":0,"145":0,"151":0,"152":0,"154":0,"155":0,"158":0,"169":5,"171":5,"179":5,"180":5,"187":0,"194":0,"204":0,"207":0,"208":0,"209":0,"211":0,"213":0,"215":0,"220":0,"221":0,"224":0,"226":0,"240":2,"241":2,"254":2,"261":4,"262":4,"269":2},"path":"C:\\anchal\\programming\\hackathon\\FutureOff\\contracts\\StrategyManager.sol","s":{"1":0,"2":0,"3":0,"4":0,"5":0,"6":0,"7":0,"8":0,"9":0,"10":0,"11":0,"12":0,"13":0,"14":0,"15":0,"16":0,"17":0,"18":0,"19":0,"20":0,"21":0,"22":0,"23":0,"24":0,"25":5,"26":5,"27":5,"28":0,"29":0,"30":0,"31":0,"32":0,"33":0,"34":0,"35":0,"36":0,"37":0,"38":2,"39":2,"40":2,"41":4,"42":2},"b":{"1":[0,0],"2":[0,0],"3":[0,0],"4":[0,0],"5":[0,0],"6":[0,0],"7":[0,0],"8":[0,0],"9":[0,0],"10":[0,0],"11":[0,0],"12":[0,0],"13":[0,0],"14":[0,0],"15":[0,0],"16":[5,1],"17":[5,0],"18":[0,0],"19":[0,0],"20":[0,0],"21":[0,0],"22":[0,0],"23":[0,0],"24":[0,0],"25":[4,0],"26":[4,0]},"f":{"1":0,"2":0,"3":26,"4":0,"5":0,"6":0,"7":5,"8":0,"9":0,"10":0,"11":2,"12":2,"13":4,"14":2},"fnMap":{"1":{"name":"onlyYieldOptimizer","line":57,"loc":{"start":{"line":57,"column":4},"end":{"line":60,"column":4}}},"2":{"name":"validProtocol","line":62,"loc":{"start":{"line":62,"column":4},"end":{"line":65,"column":4}}},"3":{"name":"constructor","line":67,"loc":{"start":{"line":67,"column":4},"end":{"line":70,"column":4}}},"4":{"name":"executeStrategy","line":77,"loc":{"start":{"line":75,"column":4},"end":{"line":110,"column":4}}},"5":{"name":"_executeProtocolInteraction","line":115,"loc":{"start":{"line":115,"column":4},"end":{"line":130,"column":4}}},"6":{"name":"withdrawFromProtocol","line":139,"loc":{"start":{"line":135,"column":4},"end":{"line":159,"column":4}}},"7":{"name":"addProtocolAdapter","line":168,"loc":{"start":{"line":164,"column":4},"end":{"line":181,"column":4}}},"8":{"name":"setProtocolStatus","line":186,"loc":{"start":{"line":186,"column":4},"end":{"line":188,"column":4}}},"9":{"name":"updateProtocolAPY","line":193,"loc":{"start":{"line":193,"column":4},"end":{"line":195,"column":4}}},"10":{"name":"emergencyWithdraw","line":203,"loc":{"start":{"line":200,"column":4},"end":{"line":228,"column":4}}},"11":{"name":"getProtocolInfo","line":233,"loc":{"start":{"line":233,"column":4},"end":{"line":248,"column":4}}},"12":{"name":"getSupportedProtocols","line":253,"loc":{"start":{"line":253,"column":4},"end":{"line":255,"column":4}}},"13":{"name":"setExecutionFee","line":260,"loc":{"start":{"line":260,"column":4},"end":{"line":263,"column":4}}},"14":{"name":"calculateExecutionCost","line":268,"loc":{"start":{"line":268,"column":4},"end":{"line":270,"column":4}}}},"statementMap":{"1":{"start":{"line":58,"column":8},"end":{"line":58,"column":76}},"2":{"start":{"line":63,"column":8},"end":{"line":63,"column":77}},"3":{"start":{"line":80,"column":8},"end":{"line":80,"column":51}},"4":{"start":{"line":81,"column":8},"end":{"line":81,"column":79}},"5":{"start":{"line":83,"column":8},"end":{"line":83,"column":2585}},"6":{"start":{"line":90,"column":8},"end":{"line":90,"column":76}},"7":{"start":{"line":93,"column":8},"end":{"line":93,"column":90}},"8":{"start":{"line":96,"column":8},"end":{"line":96,"column":3058}},"9":{"start":{"line":98,"column":12},"end":{"line":98,"column":75}},"10":{"start":{"line":103,"column":12},"end":{"line":103,"column":91}},"11":{"start":{"line":106,"column":12},"end":{"line":106,"column":75}},"12":{"start":{"line":107,"column":12},"end":{"line":107,"column":53}},"13":{"start":{"line":108,"column":12},"end":{"line":108,"column":25}},"14":{"start":{"line":118,"column":8},"end":{"line":118,"column":64}},"15":{"start":{"line":120,"column":8},"end":{"line":120,"column":75}},"16":{"start":{"line":123,"column":8},"end":{"line":123,"column":88}},"17":{"start":{"line":126,"column":8},"end":{"line":126,"column":84}},"18":{"start":{"line":127,"column":8},"end":{"line":127,"column":54}},"19":{"start":{"line":129,"column":8},"end":{"line":129,"column":42}},"20":{"start":{"line":142,"column":8},"end":{"line":142,"column":68}},"21":{"start":{"line":145,"column":8},"end":{"line":145,"column":5018}},"22":{"start":{"line":151,"column":8},"end":{"line":151,"column":85}},"23":{"start":{"line":152,"column":8},"end":{"line":152,"column":44}},"24":{"start":{"line":158,"column":8},"end":{"line":158,"column":63}},"25":{"start":{"line":169,"column":8},"end":{"line":169,"column":84}},"26":{"start":{"line":179,"column":8},"end":{"line":179,"column":40}},"27":{"start":{"line":180,"column":8},"end":{"line":180,"column":52}},"28":{"start":{"line":204,"column":8},"end":{"line":204,"column":68}},"29":{"start":{"line":207,"column":8},"end":{"line":207,"column":88}},"30":{"start":{"line":208,"column":8},"end":{"line":208,"column":84}},"31":{"start":{"line":209,"column":8},"end":{"line":209,"column":48}},"32":{"start":{"line":211,"column":8},"end":{"line":211,"column":53}},"33":{"start":{"line":213,"column":8},"end":{"line":213,"column":7256}},"34":{"start":{"line":215,"column":12},"end":{"line":215,"column":7328}},"35":{"start":{"line":221,"column":12},"end":{"line":221,"column":58}},"36":{"start":{"line":224,"column":12},"end":{"line":224,"column":55}},"37":{"start":{"line":226,"column":12},"end":{"line":226,"column":60}},"38":{"start":{"line":240,"column":8},"end":{"line":240,"column":68}},"39":{"start":{"line":241,"column":8},"end":{"line":241,"column":8184}},"40":{"start":{"line":254,"column":8},"end":{"line":254,"column":33}},"41":{"start":{"line":261,"column":8},"end":{"line":261,"column":53}},"42":{"start":{"line":269,"column":8},"end":{"line":269,"column":46}}},"branchMap":{"1":{"line":58,"type":"if","locations":[{"start":{"line":58,"column":8},"end":{"line":58,"column":8}},{"start":{"line":58,"column":8},"end":{"line":58,"column":8}}]},"2":{"line":63,"type":"if","locations":[{"start":{"line":63,"column":8},"end":{"line":63,"column":8}},{"start":{"line":63,"column":8},"end":{"line":63,"column":8}}]},"3":{"line":77,"type":"if","locations":[{"start":{"line":77,"column":15},"end":{"line":77,"column":15}},{"start":{"line":77,"column":15},"end":{"line":77,"column":15}}]},"4":{"line":77,"type":"if","locations":[{"start":{"line":77,"column":34},"end":{"line":77,"column":34}},{"start":{"line":77,"column":34},"end":{"line":77,"column":34}}]},"5":{"line":77,"type":"if","locations":[{"start":{"line":77,"column":65},"end":{"line":77,"column":65}},{"start":{"line":77,"column":65},"end":{"line":77,"column":65}}]},"6":{"line":80,"type":"if","locations":[{"start":{"line":80,"column":8},"end":{"line":80,"column":8}},{"start":{"line":80,"column":8},"end":{"line":80,"column":8}}]},"7":{"line":81,"type":"if","locations":[{"start":{"line":81,"column":8},"end":{"line":81,"column":8}},{"start":{"line":81,"column":8},"end":{"line":81,"column":8}}]},"8":{"line":90,"type":"if","locations":[{"start":{"line":90,"column":8},"end":{"line":90,"column":8}},{"start":{"line":90,"column":8},"end":{"line":90,"column":8}}]},"9":{"line":98,"type":"if","locations":[{"start":{"line":98,"column":12},"end":{"line":98,"column":12}},{"start":{"line":98,"column":12},"end":{"line":98,"column":12}}]},"10":{"line":118,"type":"if","locations":[{"start":{"line":118,"column":8},"end":{"line":118,"column":8}},{"start":{"line":118,"column":8},"end":{"line":118,"column":8}}]},"11":{"line":127,"type":"if","locations":[{"start":{"line":127,"column":8},"end":{"line":127,"column":8}},{"start":{"line":127,"column":8},"end":{"line":127,"column":8}}]},"12":{"line":139,"type":"if","locations":[{"start":{"line":139,"column":15},"end":{"line":139,"column":15}},{"start":{"line":139,"column":15},"end":{"line":139,"column":15}}]},"13":{"line":139,"type":"if","locations":[{"start":{"line":139,"column":34},"end":{"line":139,"column":34}},{"start":{"line":139,"column":34},"end":{"line":139,"column":34}}]},"14":{"line":139,"type":"if","locations":[{"start":{"line":139,"column":58},"end":{"line":139,"column":58}},{"start":{"line":139,"column":58},"end":{"line":139,"column":58}}]},"15":{"line":152,"type":"if","locations":[{"start":{"line":152,"column":8},"end":{"line":152,"column":8}},{"start":{"line":152,"column":8},"end":{"line":152,"column":8}}]},"16":{"line":168,"type":"if","locations":[{"start":{"line":168,"column":15},"end":{"line":168,"column":15}},{"start":{"line":168,"column":15},"end":{"line":168,"column":15}}]},"17":{"line":169,"type":"if","locations":[{"start":{"line":169,"column":8},"end":{"line":169,"column":8}},{"start":{"line":169,"column":8},"end":{"line":169,"column":8}}]},"18":{"line":186,"type":"if","locations":[{"start":{"line":186,"column":71},"end":{"line":186,"column":71}},{"start":{"line":186,"column":71},"end":{"line":186,"column":71}}]},"19":{"line":193,"type":"if","locations":[{"start":{"line":193,"column":74},"end":{"line":193,"column":74}},{"start":{"line":193,"column":74},"end":{"line":193,"column":74}}]},"20":{"line":203,"type":"if","locations":[{"start":{"line":203,"column":15},"end":{"line":203,"column":15}},{"start":{"line":203,"column":15},"end":{"line":203,"column":15}}]},"21":{"line":203,"type":"if","locations":[{"start":{"line":203,"column":25},"end":{"line":203,"column":25}},{"start":{"line":203,"column":25},"end":{"line":203,"column":25}}]},"22":{"line":209,"type":"if","locations":[{"start":{"line":209,"column":8},"end":{"line":209,"column":8}},{"start":{"line":209,"column":8},"end":{"line":209,"column":8}}]},"23":{"line":213,"type":"if","locations":[{"start":{"line":213,"column":8},"end":{"line":213,"column":8}},{"start":{"line":213,"column":8},"end":{"line":213,"column":8}}]},"24":{"line":221,"type":"if","locations":[{"start":{"line":221,"column":12},"end":{"line":221,"column":12}},{"start":{"line":221,"column":12},"end":{"line":221,"column":12}}]},"25":{"line":260,"type":"if","locations":[{"start":{"line":260,"column":61},"end":{"line":260,"column":61}},{"start":{"line":260,"column":61},"end":{"line":260,"column":61}}]},"26":{"line":261,"type":"if","locations":[{"start":{"line":261,"column":8},"end":{"line":261,"column":8}},{"start":{"line":261,"column":8},"end":{"line":261,"column":8}}]}}},
"contracts\\YieldOptimizer.sol":{"l":{"79":12,"80":10,"84":3,"85":3,"94":26,"95":26,"96":26,"98":26,"99":26,"110":7,"111":7,"113":7,"115":7,"125":7,"126":7,"128":7,"138":1,"139":1,"142":1,"143":1,"149":1,"150":1,"152":1,"162":0,"164":0,"168":0,"173":0,"174":0,"176":0,"186":2,"187":2,"189":2,"190":2,"191":2,"193":2,"200":4,"201":4,"203":4,"205":4,"206":4,"207":4,"210":4,"212":4,"219":2,"220":2,"222":1,"223":1,"226":1,"228":1,"230":1,"241":9,"250":9,"257":25,"258":25,"265":26,"266":26,"267":26,"274":0,"275":0,"276":0,"277":0,"278":0,"279":0,"291":0,"298":1,"299":1,"300":1,"301":1,"304":1,"311":32,"312":20,"313":5,"316":27,"328":1,"329":1,"341":0,"348":2,"355":2},"path":"C:\\anchal\\programming\\hackathon\\FutureOff\\contracts\\YieldOptimizer.sol","s":{"1":12,"2":3,"3":26,"4":26,"5":26,"6":7,"7":7,"8":7,"9":7,"10":7,"11":7,"12":1,"13":1,"14":1,"15":1,"16":1,"17":0,"18":0,"19":0,"20":0,"21":2,"22":2,"23":2,"24":4,"25":4,"26":4,"27":4,"28":4,"29":2,"30":2,"31":1,"32":1,"33":9,"34":25,"35":26,"36":26,"37":26,"38":0,"39":0,"40":0,"41":0,"42":1,"43":1,"44":1,"45":1,"46":32,"47":20,"48":5,"49":27,"50":1,"51":1,"52":0,"53":2,"54":2},"b":{"1":[10,2],"2":[5,5],"3":[3,0],"4":[26,0],"5":[7,1],"6":[7,0],"7":[7,0],"8":[1,1],"9":[1,0],"10":[1,0],"11":[1,0],"12":[1,0],"13":[0,0],"14":[0,0],"15":[0,0],"16":[0,0],"17":[2,0],"18":[2,0],"19":[4,0],"20":[4,0],"21":[4,0],"22":[4,0],"23":[2,0],"24":[1,1],"25":[9,0],"26":[25,0],"27":[26,0],"28":[26,0],"29":[26,0],"30":[0,0],"31":[0,0],"32":[0,0],"33":[0,0],"34":[0,0],"35":[1,0],"36":[5,15],"37":[2,0],"38":[2,0]},"f":{"1":12,"2":3,"3":26,"4":7,"5":1,"6":0,"7":2,"8":4,"9":2,"10":9,"11":25,"12":26,"13":0,"14":0,"15":1,"16":32,"17":1,"18":0,"19":2,"20":2},"fnMap":{"1":{"name":"onlyAuthorizedAI","line":78,"loc":{"start":{"line":78,"column":4},"end":{"line":81,"column":4}}},"2":{"name":"validStrategy","line":83,"loc":{"start":{"line":83,"column":4},"end":{"line":86,"column":4}}},"3":{"name":"initialize","line":93,"loc":{"start":{"line":89,"column":4},"end":{"line":100,"column":4}}},"4":{"name":"createStrategy","line":109,"loc":{"start":{"line":105,"column":4},"end":{"line":129,"column":4}}},"5":{"name":"executeStrategy","line":137,"loc":{"start":{"line":134,"column":4},"end":{"line":153,"column":4}}},"6":{"name":"rebalanceStrategy","line":161,"loc":{"start":{"line":158,"column":4},"end":{"line":177,"column":4}}},"7":{"name":"emergencyExit","line":185,"loc":{"start":{"line":182,"column":4},"end":{"line":194,"column":4}}},"8":{"name":"deposit","line":199,"loc":{"start":{"line":199,"column":4},"end":{"line":213,"column":4}}},"9":{"name":"withdraw","line":218,"loc":{"start":{"line":218,"column":4},"end":{"line":231,"column":4}}},"10":{"name":"whitelistProtocol","line":240,"loc":{"start":{"line":236,"column":4},"end":{"line":251,"column":4}}},"11":{"name":"authorizeAI","line":256,"loc":{"start":{"line":256,"column":4},"end":{"line":259,"column":4}}},"12":{"name":"addSupportedToken","line":264,"loc":{"start":{"line":264,"column":4},"end":{"line":268,"column":4}}},"13":{"name":"removeSupportedToken","line":273,"loc":{"start":{"line":273,"column":4},"end":{"line":282,"column":4}}},"14":{"name":"updateStrategyYield","line":290,"loc":{"start":{"line":287,"column":4},"end":{"line":292,"column":4}}},"15":{"name":"getProtocolAllocation","line":297,"loc":{"start":{"line":297,"column":4},"end":{"line":305,"column":4}}},"16":{"name":"isTokenSupported","line":310,"loc":{"start":{"line":310,"column":4},"end":{"line":317,"column":4}}},"17":{"name":"getUserPosition","line":322,"loc":{"start":{"line":322,"column":4},"end":{"line":335,"column":4}}},"18":{"name":"getStrategy","line":340,"loc":{"start":{"line":340,"column":4},"end":{"line":342,"column":4}}},"19":{"name":"pause","line":347,"loc":{"start":{"line":347,"column":4},"end":{"line":349,"column":4}}},"20":{"name":"unpause","line":354,"loc":{"start":{"line":354,"column":4},"end":{"line":356,"column":4}}}},"statementMap":{"1":{"start":{"line":79,"column":8},"end":{"line":79,"column":86}},"2":{"start":{"line":84,"column":8},"end":{"line":84,"column":70}},"3":{"start":{"line":94,"column":8},"end":{"line":94,"column":29}},"4":{"start":{"line":95,"column":8},"end":{"line":95,"column":31}},"5":{"start":{"line":96,"column":8},"end":{"line":96,"column":24}},"6":{"start":{"line":110,"column":8},"end":{"line":110,"column":88}},"7":{"start":{"line":111,"column":8},"end":{"line":111,"column":56}},"8":{"start":{"line":113,"column":8},"end":{"line":113,"column":90}},"9":{"start":{"line":125,"column":8},"end":{"line":125,"column":40}},"10":{"start":{"line":126,"column":8},"end":{"line":126,"column":57}},"11":{"start":{"line":128,"column":8},"end":{"line":128,"column":25}},"12":{"start":{"line":138,"column":8},"end":{"line":138,"column":58}},"13":{"start":{"line":139,"column":8},"end":{"line":139,"column":59}},"14":{"start":{"line":142,"column":8},"end":{"line":142,"column":86}},"15":{"start":{"line":143,"column":8},"end":{"line":143,"column":4860}},"16":{"start":{"line":152,"column":8},"end":{"line":152,"column":72}},"17":{"start":{"line":162,"column":8},"end":{"line":162,"column":58}},"18":{"start":{"line":164,"column":8},"end":{"line":164,"column":5548}},"19":{"start":{"line":168,"column":8},"end":{"line":168,"column":5701}},"20":{"start":{"line":176,"column":8},"end":{"line":176,"column":58}},"21":{"start":{"line":186,"column":8},"end":{"line":186,"column":58}},"22":{"start":{"line":187,"column":8},"end":{"line":187,"column":49}},"23":{"start":{"line":193,"column":8},"end":{"line":193,"column":54}},"24":{"start":{"line":200,"column":8},"end":{"line":200,"column":59}},"25":{"start":{"line":201,"column":8},"end":{"line":201,"column":62}},"26":{"start":{"line":203,"column":8},"end":{"line":203,"column":72}},"27":{"start":{"line":205,"column":8},"end":{"line":205,"column":65}},"28":{"start":{"line":212,"column":8},"end":{"line":212,"column":51}},"29":{"start":{"line":219,"column":8},"end":{"line":219,"column":65}},"30":{"start":{"line":220,"column":8},"end":{"line":220,"column":73}},"31":{"start":{"line":228,"column":8},"end":{"line":228,"column":53}},"32":{"start":{"line":230,"column":8},"end":{"line":230,"column":52}},"33":{"start":{"line":250,"column":8},"end":{"line":250,"column":48}},"34":{"start":{"line":258,"column":8},"end":{"line":258,"column":42}},"35":{"start":{"line":265,"column":8},"end":{"line":265,"column":60}},"36":{"start":{"line":266,"column":8},"end":{"line":266,"column":67}},"37":{"start":{"line":267,"column":8},"end":{"line":267,"column":34}},"38":{"start":{"line":274,"column":8},"end":{"line":274,"column":62}},"39":{"start":{"line":275,"column":8},"end":{"line":275,"column":9002}},"40":{"start":{"line":276,"column":12},"end":{"line":276,"column":9071}},"41":{"start":{"line":278,"column":16},"end":{"line":278,"column":36}},"42":{"start":{"line":298,"column":8},"end":{"line":298,"column":35}},"43":{"start":{"line":299,"column":8},"end":{"line":299,"column":9742}},"44":{"start":{"line":300,"column":12},"end":{"line":300,"column":9812}},"45":{"start":{"line":304,"column":8},"end":{"line":304,"column":30}},"46":{"start":{"line":311,"column":8},"end":{"line":311,"column":10164}},"47":{"start":{"line":312,"column":12},"end":{"line":312,"column":10233}},"48":{"start":{"line":313,"column":16},"end":{"line":313,"column":27}},"49":{"start":{"line":316,"column":8},"end":{"line":316,"column":20}},"50":{"start":{"line":328,"column":8},"end":{"line":328,"column":59}},"51":{"start":{"line":329,"column":8},"end":{"line":329,"column":10675}},"52":{"start":{"line":341,"column":8},"end":{"line":341,"column":37}},"53":{"start":{"line":348,"column":8},"end":{"line":348,"column":15}},"54":{"start":{"line":355,"column":8},"end":{"line":355,"column":17}}},"branchMap":{"1":{"line":79,"type":"if","locations":[{"start":{"line":79,"column":8},"end":{"line":79,"column":8}},{"start":{"line":79,"column":8},"end":{"line":79,"column":8}}]},"2":{"line":79,"type":"cond-expr","locations":[{"start":{"line":79,"column":16},"end":{"line":79,"column":39}},{"start":{"line":79,"column":44},"end":{"line":79,"column":64}}]},"3":{"line":84,"type":"if","locations":[{"start":{"line":84,"column":8},"end":{"line":84,"column":8}},{"start":{"line":84,"column":8},"end":{"line":84,"column":8}}]},"4":{"line":93,"type":"if","locations":[{"start":{"line":93,"column":13},"end":{"line":93,"column":13}},{"start":{"line":93,"column":13},"end":{"line":93,"column":13}}]},"5":{"line":109,"type":"if","locations":[{"start":{"line":109,"column":15},"end":{"line":109,"column":15}},{"start":{"line":109,"column":15},"end":{"line":109,"column":15}}]},"6":{"line":110,"type":"if","locations":[{"start":{"line":110,"column":8},"end":{"line":110,"column":8}},{"start":{"line":110,"column":8},"end":{"line":110,"column":8}}]},"7":{"line":111,"type":"if","locations":[{"start":{"line":111,"column":8},"end":{"line":111,"column":8}},{"start":{"line":111,"column":8},"end":{"line":111,"column":8}}]},"8":{"line":137,"type":"if","locations":[{"start":{"line":137,"column":15},"end":{"line":137,"column":15}},{"start":{"line":137,"column":15},"end":{"line":137,"column":15}}]},"9":{"line":137,"type":"if","locations":[{"start":{"line":137,"column":32},"end":{"line":137,"column":32}},{"start":{"line":137,"column":32},"end":{"line":137,"column":32}}]},"10":{"line":137,"type":"if","locations":[{"start":{"line":137,"column":58},"end":{"line":137,"column":58}},{"start":{"line":137,"column":58},"end":{"line":137,"column":58}}]},"11":{"line":139,"type":"if","locations":[{"start":{"line":139,"column":8},"end":{"line":139,"column":8}},{"start":{"line":139,"column":8},"end":{"line":139,"column":8}}]},"12":{"line":143,"type":"if","locations":[{"start":{"line":143,"column":8},"end":{"line":143,"column":8}},{"start":{"line":143,"column":8},"end":{"line":143,"column":8}}]},"13":{"line":161,"type":"if","locations":[{"start":{"line":161,"column":15},"end":{"line":161,"column":15}},{"start":{"line":161,"column":15},"end":{"line":161,"column":15}}]},"14":{"line":161,"type":"if","locations":[{"start":{"line":161,"column":32},"end":{"line":161,"column":32}},{"start":{"line":161,"column":32},"end":{"line":161,"column":32}}]},"15":{"line":165,"type":"if","locations":[{"start":{"line":165,"column":14},"end":{"line":165,"column":53}},{"start":{"line":166,"column":14},"end":{"line":166,"column":53}}]},"16":{"line":168,"type":"if","locations":[{"start":{"line":168,"column":8},"end":{"line":168,"column":8}},{"start":{"line":168,"column":8},"end":{"line":168,"column":8}}]},"17":{"line":185,"type":"if","locations":[{"start":{"line":185,"column":15},"end":{"line":185,"column":15}},{"start":{"line":185,"column":15},"end":{"line":185,"column":15}}]},"18":{"line":185,"type":"if","locations":[{"start":{"line":185,"column":32},"end":{"line":185,"column":32}},{"start":{"line":185,"column":32},"end":{"line":185,"column":32}}]},"19":{"line":199,"type":"if","locations":[{"start":{"line":199,"column":61},"end":{"line":199,"column":61}},{"start":{"line":199,"column":61},"end":{"line":199,"column":61}}]},"20":{"line":199,"type":"if","locations":[{"start":{"line":199,"column":74},"end":{"line":199,"column":74}},{"start":{"line":199,"column":74},"end":{"line":199,"column":74}}]},"21":{"line":200,"type":"if","locations":[{"start":{"line":200,"column":8},"end":{"line":200,"column":8}},{"start":{"line":200,"column":8},"end":{"line":200,"column":8}}]},"22":{"line":201,"type":"if","locations":[{"start":{"line":201,"column":8},"end":{"line":201,"column":8}},{"start":{"line":201,"column":8},"end":{"line":201,"column":8}}]},"23":{"line":218,"type":"if","locations":[{"start":{"line":218,"column":62},"end":{"line":218,"column":62}},{"start":{"line":218,"column":62},"end":{"line":218,"column":62}}]},"24":{"line":220,"type":"if","locations":[{"start":{"line":220,"column":8},"end":{"line":220,"column":8}},{"start":{"line":220,"column":8},"end":{"line":220,"column":8}}]},"25":{"line":240,"type":"if","locations":[{"start":{"line":240,"column":15},"end":{"line":240,"column":15}},{"start":{"line":240,"column":15},"end":{"line":240,"column":15}}]},"26":{"line":256,"type":"if","locations":[{"start":{"line":256,"column":64},"end":{"line":256,"column":64}},{"start":{"line":256,"column":64},"end":{"line":256,"column":64}}]},"27":{"line":264,"type":"if","locations":[{"start":{"line":264,"column":55},"end":{"line":264,"column":55}},{"start":{"line":264,"column":55},"end":{"line":264,"column":55}}]},"28":{"line":265,"type":"if","locations":[{"start":{"line":265,"column":8},"end":{"line":265,"column":8}},{"start":{"line":265,"column":8},"end":{"line":265,"column":8}}]},"29":{"line":266,"type":"if","locations":[{"start":{"line":266,"column":8},"end":{"line":266,"column":8}},{"start":{"line":266,"column":8},"end":{"line":266,"column":8}}]},"30":{"line":273,"type":"if","locations":[{"start":{"line":273,"column":58},"end":{"line":273,"column":58}},{"start":{"line":273,"column":58},"end":{"line":273,"column":58}}]},"31":{"line":274,"type":"if","locations":[{"start":{"line":274,"column":8},"end":{"line":274,"column":8}},{"start":{"line":274,"column":8},"end":{"line":274,"column":8}}]},"32":{"line":276,"type":"if","locations":[{"start":{"line":276,"column":12},"end":{"line":276,"column":12}},{"start":{"line":276,"column":12},"end":{"line":276,"column":12}}]},"33":{"line":290,"type":"if","locations":[{"start":{"line":290,"column":15},"end":{"line":290,"column":15}},{"start":{"line":290,"column":15},"end":{"line":290,"column":15}}]},"34":{"line":290,"type":"if","locations":[{"start":{"line":290,"column":32},"end":{"line":290,"column":32}},{"start":{"line":290,"column":32},"end":{"line":290,"column":32}}]},"35":{"line":300,"type":"if","locations":[{"start":{"line":300,"column":12},"end":{"line":300,"column":12}},{"start":{"line":300,"column":12},"end":{"line":300,"column":12}}]},"36":{"line":312,"type":"if","locations":[{"start":{"line":312,"column":12},"end":{"line":312,"column":12}},{"start":{"line":312,"column":12},"end":{"line":312,"column":12}}]},"37":{"line":347,"type":"if","locations":[{"start":{"line":347,"column":30},"end":{"line":347,"column":30}},{"start":{"line":347,"column":30},"end":{"line":347,"column":30}}]},"38":{"line":354,"type":"if","locations":[{"start":{"line":354,"column":32},"end":{"line":354,"column":32}},{"start":{"line":354,"column":32},"end":{"line":354,"column":32}}]}}}}
